# JRE version: OpenJDK Runtime Environment Temurin-17.0.8.1+1 (17.0.8.1+1) (build 17.0.8.1+1)
# Java VM: OpenJDK 64-Bit Server VM Temurin-17.0.8.1+1 (17.0.8.1+1, mixed mode, tiered, compressed oops, compressed class ptrs, g1 gc, windows-amd64)
GC Precious Log:
 CPUs: 8 total, 8 available
 Memory: 3739M
 Large Page Support: Disabled
 NUMA Support: Disabled
 Compressed Oops: Enabled (32-bit)
 Heap Region Size: 1M
 Heap Min Capacity: 8M
 Heap Initial Capacity: 60M
 Heap Max Capacity: 936M
 Pre-touch: Disabled
 Parallel Workers: 8
 Concurrent Workers: 2
 Concurrent Refinement Workers: 8
 Periodic GC: Disabled
Heap:
 garbage-first heap   total 46080K, used 24137K [0x00000000c5800000, 0x0000000100000000)
  region size 1024K, 3 young (3072K), 1 survivors (1024K)
 Metaspace       used 60801K, committed 61248K, reserved 1114112K
  class space    used 7558K, committed 7744K, reserved 1048576K
GC Heap History (20 events):
Event: 7.082 GC heap before
{Heap before GC invocations=18 (full 0):
 garbage-first heap   total 37888K, used 30521K [0x00000000c5800000, 0x0000000100000000)
  region size 1024K, 12 young (12288K), 2 survivors (2048K)
 Metaspace       used 51921K, committed 52352K, reserved 1114112K
  class space    used 6351K, committed 6528K, reserved 1048576K
}
Event: 7.085 GC heap after
{Heap after GC invocations=19 (full 0):
 garbage-first heap   total 37888K, used 21227K [0x00000000c5800000, 0x0000000100000000)
  region size 1024K, 1 young (1024K), 1 survivors (1024K)
 Metaspace       used 51921K, committed 52352K, reserved 1114112K
  class space    used 6351K, committed 6528K, reserved 1048576K
}
Event: 7.348 GC heap before
{Heap before GC invocations=19 (full 0):
 garbage-first heap   total 37888K, used 30443K [0x00000000c5800000, 0x0000000100000000)
  region size 1024K, 10 young (10240K), 1 survivors (1024K)
 Metaspace       used 54497K, committed 54912K, reserved 1114112K
  class space    used 6665K, committed 6848K, reserved 1048576K
}
Event: 7.350 GC heap after
{Heap after GC invocations=20 (full 0):
 garbage-first heap   total 37888K, used 21659K [0x00000000c5800000, 0x0000000100000000)
  region size 1024K, 2 young (2048K), 2 survivors (2048K)
 Metaspace       used 54497K, committed 54912K, reserved 1114112K
  class space    used 6665K, committed 6848K, reserved 1048576K
}
Event: 7.752 GC heap before
{Heap before GC invocations=21 (full 0):
 garbage-first heap   total 40960K, used 28827K [0x00000000c5800000, 0x0000000100000000)
  region size 1024K, 10 young (10240K), 2 survivors (2048K)
 Metaspace       used 56787K, committed 57216K, reserved 1114112K
  class space    used 7080K, committed 7296K, reserved 1048576K
}
Event: 7.755 GC heap after
{Heap after GC invocations=22 (full 0):
 garbage-first heap   total 40960K, used 22274K [0x00000000c5800000, 0x0000000100000000)
  region size 1024K, 2 young (2048K), 2 survivors (2048K)
 Metaspace       used 56787K, committed 57216K, reserved 1114112K
  class space    used 7080K, committed 7296K, reserved 1048576K
}
Event: 7.956 GC heap before
{Heap before GC invocations=22 (full 0):
 garbage-first heap   total 40960K, used 32514K [0x00000000c5800000, 0x0000000100000000)
  region size 1024K, 12 young (12288K), 2 survivors (2048K)
 Metaspace       used 57990K, committed 58496K, reserved 1114112K
  class space    used 7244K, committed 7488K, reserved 1048576K
}
Event: 7.959 GC heap after
{Heap after GC invocations=23 (full 0):
 garbage-first heap   total 40960K, used 23420K [0x00000000c5800000, 0x0000000100000000)
  region size 1024K, 2 young (2048K), 2 survivors (2048K)
 Metaspace       used 57990K, committed 58496K, reserved 1114112K
  class space    used 7244K, committed 7488K, reserved 1048576K
}
Event: 8.748 GC heap before
{Heap before GC invocations=24 (full 0):
 garbage-first heap   total 43008K, used 31612K [0x00000000c5800000, 0x0000000100000000)
  region size 1024K, 10 young (10240K), 2 survivors (2048K)
 Metaspace       used 59181K, committed 59648K, reserved 1114112K
  class space    used 7393K, committed 7616K, reserved 1048576K
}
Event: 8.752 GC heap after
{Heap after GC invocations=25 (full 0):
 garbage-first heap   total 43008K, used 24487K [0x00000000c5800000, 0x0000000100000000)
  region size 1024K, 2 young (2048K), 2 survivors (2048K)
 Metaspace       used 59181K, committed 59648K, reserved 1114112K
  class space    used 7393K, committed 7616K, reserved 1048576K
}
Event: 67.508 GC heap before
{Heap before GC invocations=25 (full 0):
 garbage-first heap   total 43008K, used 33703K [0x00000000c5800000, 0x0000000100000000)
  region size 1024K, 11 young (11264K), 2 survivors (2048K)
 Metaspace       used 60117K, committed 60608K, reserved 1114112K
  class space    used 7520K, committed 7744K, reserved 1048576K
}
Event: 67.667 GC heap after
{Heap after GC invocations=26 (full 0):
 garbage-first heap   total 43008K, used 25024K [0x00000000c5800000, 0x0000000100000000)
  region size 1024K, 1 young (1024K), 1 survivors (1024K)
 Metaspace       used 60117K, committed 60608K, reserved 1114112K
  class space    used 7520K, committed 7744K, reserved 1048576K
}
Event: 391.231 GC heap before
{Heap before GC invocations=27 (full 0):
 garbage-first heap   total 45056K, used 30144K [0x00000000c5800000, 0x0000000100000000)
  region size 1024K, 7 young (7168K), 1 survivors (1024K)
 Metaspace       used 60365K, committed 60800K, reserved 1114112K
  class space    used 7553K, committed 7744K, reserved 1048576K
}
Event: 392.676 GC heap after
{Heap after GC invocations=28 (full 1):
 garbage-first heap   total 45056K, used 20398K [0x00000000c5800000, 0x0000000100000000)
  region size 1024K, 0 young (0K), 0 survivors (0K)
 Metaspace       used 60365K, committed 60800K, reserved 1114112K
  class space    used 7553K, committed 7744K, reserved 1048576K
}
Event: 394.360 GC heap before
{Heap before GC invocations=28 (full 1):
 garbage-first heap   total 45056K, used 32686K [0x00000000c5800000, 0x0000000100000000)
  region size 1024K, 12 young (12288K), 0 survivors (0K)
 Metaspace       used 60504K, committed 60992K, reserved 1114112K
  class space    used 7556K, committed 7744K, reserved 1048576K
}
Event: 394.387 GC heap after
{Heap after GC invocations=29 (full 1):
 garbage-first heap   total 45056K, used 22089K [0x00000000c5800000, 0x0000000100000000)
  region size 1024K, 2 young (2048K), 2 survivors (2048K)
 Metaspace       used 60504K, committed 60992K, reserved 1114112K
  class space    used 7556K, committed 7744K, reserved 1048576K
}
Event: 395.937 GC heap before
{Heap before GC invocations=30 (full 1):
 garbage-first heap   total 45056K, used 33353K [0x00000000c5800000, 0x0000000100000000)
  region size 1024K, 13 young (13312K), 2 survivors (2048K)
 Metaspace       used 60693K, committed 61120K, reserved 1114112K
  class space    used 7558K, committed 7744K, reserved 1048576K
}
Event: 395.951 GC heap after
{Heap after GC invocations=31 (full 1):
 garbage-first heap   total 45056K, used 22749K [0x00000000c5800000, 0x0000000100000000)
  region size 1024K, 2 young (2048K), 2 survivors (2048K)
 Metaspace       used 60693K, committed 61120K, reserved 1114112K
  class space    used 7558K, committed 7744K, reserved 1048576K
}
Event: 396.789 GC heap before
{Heap before GC invocations=31 (full 1):
 garbage-first heap   total 45056K, used 31965K [0x00000000c5800000, 0x0000000100000000)
  region size 1024K, 11 young (11264K), 2 survivors (2048K)
 Metaspace       used 60773K, committed 61184K, reserved 1114112K
  class space    used 7558K, committed 7744K, reserved 1048576K
}
Event: 396.793 GC heap after
{Heap after GC invocations=32 (full 1):
 garbage-first heap   total 45056K, used 23113K [0x00000000c5800000, 0x0000000100000000)
  region size 1024K, 1 young (1024K), 1 survivors (1024K)
 Metaspace       used 60773K, committed 61184K, reserved 1114112K
  class space    used 7558K, committed 7744K, reserved 1048576K
}

